2024-11-28 14:29:08,250 - INFO - [31m[1mWARNING: This is a development server. Do not use it in a production deployment. Use a production WSGI server instead.[0m
 * Running on http://127.0.0.1:5000
2024-11-28 14:29:08,257 - INFO - [33mPress CTRL+C to quit[0m
2024-11-28 14:29:35,670 - DEBUG - Received POST request on /upload_blob
2024-11-28 14:29:35,974 - INFO - Data added to queue: filename=1732784375966_chunk_1732784375623.webm, metadata={'latitude': '30.3525217', 'longitude': '76.3603846', 'filename': '1732784375966_chunk_1732784375623.webm', 'timestamp': 1732784375966}
2024-11-28 14:29:35,979 - INFO - 127.0.0.1 - - [28/Nov/2024 14:29:35] "POST /upload_blob HTTP/1.1" 200 -
2024-11-28 14:29:40,629 - DEBUG - Received POST request on /upload_blob
2024-11-28 14:29:40,636 - INFO - Data added to queue: filename=1732784380636_chunk_1732784380617.webm, metadata={'latitude': '30.3525217', 'longitude': '76.3603846', 'filename': '1732784380636_chunk_1732784380617.webm', 'timestamp': 1732784380636}
2024-11-28 14:29:40,639 - INFO - 127.0.0.1 - - [28/Nov/2024 14:29:40] "POST /upload_blob HTTP/1.1" 200 -
2024-11-28 14:29:45,621 - DEBUG - Received POST request on /upload_blob
2024-11-28 14:29:45,684 - INFO - Data added to queue: filename=1732784385629_chunk_1732784385617.webm, metadata={'latitude': '30.3525217', 'longitude': '76.3603846', 'filename': '1732784385629_chunk_1732784385617.webm', 'timestamp': 1732784385629}
2024-11-28 14:29:45,688 - INFO - 127.0.0.1 - - [28/Nov/2024 14:29:45] "POST /upload_blob HTTP/1.1" 200 -
2024-11-28 14:29:46,560 - DEBUG - Received POST request on /upload_blob
2024-11-28 14:29:46,565 - INFO - Data added to queue: filename=1732784386565_chunk_1732784386540.webm, metadata={'latitude': '30.3525217', 'longitude': '76.3603846', 'filename': '1732784386565_chunk_1732784386540.webm', 'timestamp': 1732784386565}
2024-11-28 14:29:46,565 - INFO - 127.0.0.1 - - [28/Nov/2024 14:29:46] "POST /upload_blob HTTP/1.1" 200 -
2024-11-28 14:30:10,740 - DEBUG - Frame enhanced from video 1732784375966_chunk_1732784375623.webm.
2024-11-28 14:30:40,699 - DEBUG - Frame enhanced from video 1732784375966_chunk_1732784375623.webm.
2024-11-28 14:31:11,701 - DEBUG - Frame enhanced from video 1732784375966_chunk_1732784375623.webm.
2024-11-28 14:31:41,705 - DEBUG - Frame enhanced from video 1732784375966_chunk_1732784375623.webm.
2024-11-28 14:32:12,124 - DEBUG - Frame enhanced from video 1732784375966_chunk_1732784375623.webm.
2024-11-28 14:32:39,823 - DEBUG - Frame enhanced from video 1732784375966_chunk_1732784375623.webm.
2024-11-28 14:33:07,917 - DEBUG - Frame enhanced from video 1732784375966_chunk_1732784375623.webm.
2024-11-28 14:33:36,037 - DEBUG - Frame enhanced from video 1732784375966_chunk_1732784375623.webm.
2024-11-28 14:34:06,101 - DEBUG - Frame enhanced from video 1732784375966_chunk_1732784375623.webm.
2024-11-28 14:34:35,044 - DEBUG - Frame enhanced from video 1732784375966_chunk_1732784375623.webm.
2024-11-28 14:35:02,562 - DEBUG - Frame enhanced from video 1732784375966_chunk_1732784375623.webm.
2024-11-28 14:35:30,812 - DEBUG - Frame enhanced from video 1732784375966_chunk_1732784375623.webm.
2024-11-28 14:36:05,480 - DEBUG - Frame enhanced from video 1732784375966_chunk_1732784375623.webm.
2024-11-28 14:36:53,953 - DEBUG - Frame enhanced from video 1732784375966_chunk_1732784375623.webm.
2024-11-28 14:37:49,696 - DEBUG - Frame enhanced from video 1732784375966_chunk_1732784375623.webm.
2024-11-28 14:38:22,675 - DEBUG - Frame enhanced from video 1732784375966_chunk_1732784375623.webm.
2024-11-28 14:38:54,002 - DEBUG - Frame enhanced from video 1732784375966_chunk_1732784375623.webm.
2024-11-28 14:39:27,140 - DEBUG - Frame enhanced from video 1732784375966_chunk_1732784375623.webm.
2024-11-28 14:39:58,190 - DEBUG - Frame enhanced from video 1732784375966_chunk_1732784375623.webm.
2024-11-28 14:40:31,242 - DEBUG - Frame enhanced from video 1732784375966_chunk_1732784375623.webm.
2024-11-28 14:41:05,991 - DEBUG - Frame enhanced from video 1732784375966_chunk_1732784375623.webm.
2024-11-28 14:41:37,839 - DEBUG - Frame enhanced from video 1732784375966_chunk_1732784375623.webm.
2024-11-28 14:42:08,656 - DEBUG - Frame enhanced from video 1732784375966_chunk_1732784375623.webm.
2024-11-28 14:42:40,173 - DEBUG - Frame enhanced from video 1732784375966_chunk_1732784375623.webm.
2024-11-28 14:43:13,191 - DEBUG - Frame enhanced from video 1732784375966_chunk_1732784375623.webm.
2024-11-28 14:43:44,800 - DEBUG - Frame enhanced from video 1732784375966_chunk_1732784375623.webm.
2024-11-28 14:44:16,558 - DEBUG - Frame enhanced from video 1732784375966_chunk_1732784375623.webm.
2024-11-28 14:44:47,923 - DEBUG - Frame enhanced from video 1732784375966_chunk_1732784375623.webm.
2024-11-28 14:45:19,225 - DEBUG - Frame enhanced from video 1732784375966_chunk_1732784375623.webm.
2024-11-28 14:45:51,427 - DEBUG - Frame enhanced from video 1732784375966_chunk_1732784375623.webm.
2024-11-28 14:46:27,895 - DEBUG - Frame enhanced from video 1732784375966_chunk_1732784375623.webm.
2024-11-28 14:47:02,210 - DEBUG - Frame enhanced from video 1732784375966_chunk_1732784375623.webm.
2024-11-28 14:47:38,672 - DEBUG - Frame enhanced from video 1732784375966_chunk_1732784375623.webm.
2024-11-28 14:48:15,693 - DEBUG - Frame enhanced from video 1732784375966_chunk_1732784375623.webm.
2024-11-28 14:48:52,584 - DEBUG - Frame enhanced from video 1732784375966_chunk_1732784375623.webm.
2024-11-28 14:49:29,242 - DEBUG - Frame enhanced from video 1732784375966_chunk_1732784375623.webm.
2024-11-28 14:50:03,727 - DEBUG - Frame enhanced from video 1732784375966_chunk_1732784375623.webm.
2024-11-28 14:50:37,957 - DEBUG - Frame enhanced from video 1732784375966_chunk_1732784375623.webm.
2024-11-28 14:51:12,861 - DEBUG - Frame enhanced from video 1732784375966_chunk_1732784375623.webm.
2024-11-28 14:51:46,591 - DEBUG - Frame enhanced from video 1732784375966_chunk_1732784375623.webm.
2024-11-28 14:52:16,055 - DEBUG - Frame enhanced from video 1732784375966_chunk_1732784375623.webm.
2024-11-28 14:52:48,355 - DEBUG - Frame enhanced from video 1732784375966_chunk_1732784375623.webm.
2024-11-28 14:53:17,383 - DEBUG - Frame enhanced from video 1732784375966_chunk_1732784375623.webm.
2024-11-28 14:53:47,784 - DEBUG - Frame enhanced from video 1732784375966_chunk_1732784375623.webm.
2024-11-28 14:54:19,797 - DEBUG - Frame enhanced from video 1732784375966_chunk_1732784375623.webm.
2024-11-28 14:54:49,928 - DEBUG - Frame enhanced from video 1732784375966_chunk_1732784375623.webm.
2024-11-28 14:55:20,545 - DEBUG - Frame enhanced from video 1732784375966_chunk_1732784375623.webm.
2024-11-28 14:55:50,953 - DEBUG - Frame enhanced from video 1732784375966_chunk_1732784375623.webm.
2024-11-28 14:56:20,918 - DEBUG - Frame enhanced from video 1732784375966_chunk_1732784375623.webm.
2024-11-28 14:56:49,964 - DEBUG - Frame enhanced from video 1732784375966_chunk_1732784375623.webm.
2024-11-28 14:57:19,626 - DEBUG - Frame enhanced from video 1732784375966_chunk_1732784375623.webm.
2024-11-28 14:57:48,157 - DEBUG - Frame enhanced from video 1732784375966_chunk_1732784375623.webm.
2024-11-28 14:58:17,148 - DEBUG - Frame enhanced from video 1732784375966_chunk_1732784375623.webm.
2024-11-28 14:58:45,320 - DEBUG - Frame enhanced from video 1732784375966_chunk_1732784375623.webm.
2024-11-28 14:59:16,272 - DEBUG - Frame enhanced from video 1732784375966_chunk_1732784375623.webm.
2024-11-28 14:59:46,688 - DEBUG - Frame enhanced from video 1732784375966_chunk_1732784375623.webm.
2024-11-28 15:00:19,083 - DEBUG - Frame enhanced from video 1732784375966_chunk_1732784375623.webm.
2024-11-28 15:00:51,153 - DEBUG - Frame enhanced from video 1732784375966_chunk_1732784375623.webm.
2024-11-28 15:01:22,911 - DEBUG - Frame enhanced from video 1732784375966_chunk_1732784375623.webm.
